c:\users\elang\source\repos\cuda_fractal_2d\cuda_fractal_2d\x64\debug\vc143.pdb
c:\users\elang\source\repos\cuda_fractal_2d\cuda_fractal_2d\x64\debug\vc143.idb
c:\users\elang\source\repos\cuda_fractal_2d\cuda_fractal_2d\x64\debug\glad.obj
c:\users\elang\source\repos\cuda_fractal_2d\cuda_fractal_2d\x64\debug\main.obj
c:\users\elang\source\repos\cuda_fractal_2d\cuda_fractal_2d\x64\debug\graphics.obj
c:\users\elang\source\repos\cuda_fractal_2d\cuda_fractal_2d\x64\debug\kernel.cu.obj
c:\users\elang\source\repos\cuda_fractal_2d\x64\debug\cuda_fractal_2d.exe
c:\users\elang\source\repos\cuda_fractal_2d\x64\debug\cuda_fractal_2d.pdb
c:\users\elang\source\repos\cuda_fractal_2d\x64\debug\cuda_fractal_2d.lib
c:\users\elang\source\repos\cuda_fractal_2d\x64\debug\cuda_fractal_2d.exp
c:\users\elang\source\repos\cuda_fractal_2d\cuda_fractal_2d\x64\debug\cuda_fractal_2d.ilk
c:\users\elang\source\repos\cuda_fractal_2d\cuda_fractal_2d\x64\debug\kernel.cu.cache
c:\users\elang\source\repos\cuda_fractal_2d\cuda_fractal_2d\x64\debug\cuda_fractal_2d.tlog\cl.command.1.tlog
c:\users\elang\source\repos\cuda_fractal_2d\cuda_fractal_2d\x64\debug\cuda_fractal_2d.tlog\cl.items.tlog
c:\users\elang\source\repos\cuda_fractal_2d\cuda_fractal_2d\x64\debug\cuda_fractal_2d.tlog\cl.read.1.tlog
c:\users\elang\source\repos\cuda_fractal_2d\cuda_fractal_2d\x64\debug\cuda_fractal_2d.tlog\cl.write.1.tlog
c:\users\elang\source\repos\cuda_fractal_2d\cuda_fractal_2d\x64\debug\cuda_fractal_2d.tlog\cudacompile.read.1u.tlog
c:\users\elang\source\repos\cuda_fractal_2d\cuda_fractal_2d\x64\debug\cuda_fractal_2d.tlog\cudacompile.write.1u.tlog
c:\users\elang\source\repos\cuda_fractal_2d\cuda_fractal_2d\x64\debug\cuda_fractal_2d.tlog\link.command.1.tlog
c:\users\elang\source\repos\cuda_fractal_2d\cuda_fractal_2d\x64\debug\cuda_fractal_2d.tlog\link.read.1.tlog
c:\users\elang\source\repos\cuda_fractal_2d\cuda_fractal_2d\x64\debug\cuda_fractal_2d.tlog\link.secondary.1.tlog
c:\users\elang\source\repos\cuda_fractal_2d\cuda_fractal_2d\x64\debug\cuda_fractal_2d.tlog\link.write.1.tlog
